{"sent":true,"message":"Sent to 6282234955505@c.us","id":"true_6282234955505@c.us_3EB04BDF57B7625F1ECF","queueNumber":48}
{"sent":true,"message":"Sent to 6282234955505@c.us","id":"true_6282234955505@c.us_3EB05A47DB617ADEA041","queueNumber":49}
{"sent":true,"message":"Sent to 6282234955505@c.us","id":"true_6282234955505@c.us_3EB0C081CC0657515452","queueNumber":50}
{"sent":true,"message":"Sent to 6282234955505@c.us","id":"true_6282234955505@c.us_3EB0ECE01B104AE7DB6A","queueNumber":51}
{"sent":true,"message":"Sent to 6282234955505@c.us","id":"true_6282234955505@c.us_3EB0B35DFDD5C5F16806","queueNumber":52}
{"sent":true,"id":"true_6282234955505@c.us_3EB035E2627A54AF24AB","message":"Sent to 6282234955505@c.us"}
{"sent":true,"id":"true_6282234955505@c.us_3EB0687BEB782BA80E33","message":"Sent to 6282234955505@c.us"}
{"sent":true,"message":"Sent to 6282123470606@c.us","id":"true_6282123470606@c.us_3EB002AF115C73E3532C","queueNumber":55}
{"sent":true,"message":"Sent to 6282123470606@c.us","id":"true_6282123470606@c.us_3EB019124E7129A990B3","queueNumber":56}
{"sent":true,"message":"Sent to 6282123470606@c.us","id":"true_6282123470606@c.us_3EB0AE53C432BBE8A6D9","queueNumber":57}
{"sent":true,"message":"Sent to 6282123470606@c.us","id":"true_6282123470606@c.us_3EB0B350D685F91207C7","queueNumber":58}
{"sent":true,"message":"Sent to 6282123470606@c.us","id":"true_6282123470606@c.us_3EB02D9D9762E96DD32D","queueNumber":59}
{"sent":true,"message":"Sent to 6282123470606@c.us","id":"true_6282123470606@c.us_3EB025B0FB2056CACFCC","queueNumber":60}
{"sent":true,"message":"Sent to 6282123470606@c.us","id":"true_6282123470606@c.us_3EB0CAA25423FE8B54BA","queueNumber":61}
{"sent":true,"message":"Sent to 6282123470606@c.us","id":"true_6282123470606@c.us_3EB0122171F4F50EF849","queueNumber":62}
{"sent":true,"message":"Sent to 6282123470606@c.us","id":"true_6282123470606@c.us_3EB0203D319376B3D941","queueNumber":63}
{"sent":true,"message":"Sent to 6282123470606@c.us","id":"true_6282123470606@c.us_3EB099BABE95DBDF7B43","queueNumber":64}
{"sent":true,"message":"Sent to 6287846052909-1503149044@g.us","id":"true_6287846052909-1503149044@g.us_3EB09C6A47A7B070E63A","queueNumber":65}
{"sent":true,"message":"Sent to 6282334197238-1594651134@g.us","id":"true_6282334197238-1594651134@g.us_3EB0CA4A82868E8819BB","queueNumber":66}
{"sent":true,"message":"Sent to 6285236132384-1586569922@g.us","id":"true_6285236132384-1586569922@g.us_3EB0118D9844129F565C","queueNumber":67}
{"sent":true,"message":"Sent to 6281252254897-1565866968@g.us","id":"true_6281252254897-1565866968@g.us_3EB001A7B36B0B2B8C09","queueNumber":68}
{"sent":true,"message":"Sent to 6285645896741@c.us","id":"true_6285645896741@c.us_3EB0D938CDA59635230A","queueNumber":69}
{"sent":true,"message":"Sent to 628125239766@c.us","id":"true_628125239766@c.us_3EB05D4947FE59F53B32","queueNumber":70}
{"sent":true,"message":"Sent to 6281249663933-1489995342@g.us","id":"true_6281249663933-1489995342@g.us_3EB055222520AA4059DF","queueNumber":71}
{"sent":true,"message":"Sent to 6287846052909-1503149044@g.us","id":"true_6287846052909-1503149044@g.us_3EB060944D99F081FF37","queueNumber":72}
{"sent":true,"message":"Sent to 6282334197238-1594651134@g.us","id":"true_6282334197238-1594651134@g.us_3EB0273804C4E399D81F","queueNumber":73}
{"sent":true,"message":"Sent to 6281556664663-1549027281@g.us","id":"true_6281556664663-1549027281@g.us_3EB059BFC130168FD993","queueNumber":74}
{"sent":true,"message":"Sent to 6285236132384-1586569922@g.us","id":"true_6285236132384-1586569922@g.us_3EB0D61849C13242C6A6","queueNumber":75}
{"sent":true,"message":"Sent to 6285607766951-1563968372@g.us","id":"true_6285607766951-1563968372@g.us_3EB0703CC74FAC93E0A1","queueNumber":76}
{"sent":true,"message":"Sent to 6281252254897-1565866968@g.us","id":"true_6281252254897-1565866968@g.us_3EB09A689C2F4EF7DBDE","queueNumber":77}
{"sent":true,"message":"Sent to 6282244167224@c.us","id":"true_6282244167224@c.us_3EB091889903443619D7","queueNumber":78}
{"sent":true,"message":"Sent to 6281335068824@c.us","id":"true_6281335068824@c.us_3EB09561BB6682D05C22","queueNumber":79}
{"sent":true,"message":"Sent to 6281937730517@c.us","id":"true_6281937730517@c.us_3EB03A1F6AF1A352E0DD","queueNumber":80}
{"sent":true,"message":"Sent to 6282225202922@c.us","id":"true_6282225202922@c.us_3EB0CA289D0AF0F24E7A","queueNumber":81}
{"sent":true,"message":"Sent to 6285954408225@c.us","id":"true_6285954408225@c.us_3EB0A799A62DFB5C12BE","queueNumber":82}
{"sent":true,"message":"Sent to 6287758569126@c.us","id":"true_6287758569126@c.us_3EB0BBC3A6801B38520E","queueNumber":83}
{"sent":true,"message":"Sent to 6281249663933-1489995342@g.us","id":"true_6281249663933-1489995342@g.us_3EB0BFE25A0E6363839A","queueNumber":84}
{"sent":true,"message":"Sent to 6287846052909-1503149044@g.us","id":"true_6287846052909-1503149044@g.us_3EB0ABE1DBBE003776C4","queueNumber":85}
{"sent":true,"message":"Sent to 6281556664663-1549027281@g.us","id":"true_6281556664663-1549027281@g.us_3EB027A61984C0344F55","queueNumber":86}
{"sent":true,"message":"Sent to 6285236132384-1586569922@g.us","id":"true_6285236132384-1586569922@g.us_3EB0FB88CD93796D266A","queueNumber":87}
{"sent":true,"message":"Sent to 6285607766951-1563968372@g.us","id":"true_6285607766951-1563968372@g.us_3EB0B1CBA789CE19CAB8","queueNumber":88}
{"sent":true,"message":"Sent to 6281252254897-1565866968@g.us","id":"true_6281252254897-1565866968@g.us_3EB02A2F6C5F7A5F54B8","queueNumber":89}
{"sent":true,"message":"Sent to 6282123470606@c.us","id":"true_6282123470606@c.us_3EB0C27A98708BDA895F","queueNumber":90}
{"sent":true,"message":"Sent to 6282123470606@c.us","id":"true_6282123470606@c.us_3EB00A2DCAB2359F7E5B","queueNumber":91}
{"sent":true,"message":"Sent to 6282123470606@c.us","id":"true_6282123470606@c.us_3EB0B1E0483A62817385","queueNumber":92}
{"sent":true,"message":"Sent to 6282123470606@c.us","id":"true_6282123470606@c.us_3EB080BFDFE61C8606C5","queueNumber":93}
{"sent":true,"message":"Sent to 6282123470606@c.us","id":"true_6282123470606@c.us_3EB0240324A1B41CB297","queueNumber":94}
{"sent":true,"message":"Sent to 6282123470606@c.us","id":"true_6282123470606@c.us_3EB08078CBEB10A1329A","queueNumber":95}
{"sent":true,"message":"Sent to 6282123470606@c.us","id":"true_6282123470606@c.us_3EB04FB1EAB1C8E6CDB2","queueNumber":96}
{"sent":true,"message":"Sent to 6282123470606@c.us","id":"true_6282123470606@c.us_3EB0D7A3A1B85F7A50E4","queueNumber":97}
{"sent":true,"message":"Sent to 6282123470606@c.us","id":"true_6282123470606@c.us_3EB09BB24123931C4911","queueNumber":98}
{"sent":true,"message":"Sent to 6282123470606@c.us","id":"true_6282123470606@c.us_3EB0E5FA77C68C626C7E","queueNumber":99}
{"sent":true,"message":"Sent to 6287846052909-1503149044@g.us","id":"true_6287846052909-1503149044@g.us_3EB0A9150AAC6C5C3118","queueNumber":100}
{"sent":true,"message":"Sent to 6282334197238-1594651134@g.us","id":"true_6282334197238-1594651134@g.us_3EB0D9623B4BAF1C1B23","queueNumber":101}
{"sent":true,"message":"Sent to 6285236132384-1586569922@g.us","id":"true_6285236132384-1586569922@g.us_3EB00A113DE340EBED19","queueNumber":102}
{"sent":true,"message":"Sent to 6281252254897-1565866968@g.us","id":"true_6281252254897-1565866968@g.us_3EB0871B0CD721926D63","queueNumber":103}
{"sent":true,"message":"Sent to 6285645896741@c.us","id":"true_6285645896741@c.us_3EB044FA86AF0C8FE58E","queueNumber":104}
{"sent":true,"message":"Sent to 628125239766@c.us","id":"true_628125239766@c.us_3EB051F4A7B8BFC758EF","queueNumber":105}
{"sent":true,"message":"Sent to 6281249663933-1489995342@g.us","id":"true_6281249663933-1489995342@g.us_3EB068E714B30E7AC455","queueNumber":106}
{"sent":true,"message":"Sent to 6287846052909-1503149044@g.us","id":"true_6287846052909-1503149044@g.us_3EB031B74EE8326898C0","queueNumber":107}
{"sent":true,"message":"Sent to 6282334197238-1594651134@g.us","id":"true_6282334197238-1594651134@g.us_3EB0545B3E9B27678050","queueNumber":108}
{"sent":true,"message":"Sent to 6281556664663-1549027281@g.us","id":"true_6281556664663-1549027281@g.us_3EB0779BADA5AB70B52B","queueNumber":109}
{"sent":true,"message":"Sent to 6285236132384-1586569922@g.us","id":"true_6285236132384-1586569922@g.us_3EB0FD563D2705C174BE","queueNumber":110}
{"sent":true,"message":"Sent to 6285607766951-1563968372@g.us","id":"true_6285607766951-1563968372@g.us_3EB026C341C53C36372A","queueNumber":111}
{"sent":true,"message":"Sent to 6281252254897-1565866968@g.us","id":"true_6281252254897-1565866968@g.us_3EB014AB496F3E8556FE","queueNumber":112}
{"sent":true,"message":"Sent to 6282244167224@c.us","id":"true_6282244167224@c.us_3EB073C5E3ED5ED9FABE","queueNumber":113}
{"sent":true,"message":"Sent to 6281335068824@c.us","id":"true_6281335068824@c.us_3EB0BE7E212F470CE846","queueNumber":114}
{"sent":true,"message":"Sent to 6281937730517@c.us","id":"true_6281937730517@c.us_3EB0DCC70EC553E0B7E4","queueNumber":115}
{"sent":true,"message":"Sent to 6282225202922@c.us","id":"true_6282225202922@c.us_3EB034B53B7D8E15D1FD","queueNumber":116}
{"sent":true,"message":"Sent to 6285954408225@c.us","id":"true_6285954408225@c.us_3EB09BB4E385744DB9D5","queueNumber":117}
{"sent":true,"message":"Sent to 6287758569126@c.us","id":"true_6287758569126@c.us_3EB0955E1A7012D6D738","queueNumber":118}
{"sent":true,"message":"Sent to 6281249663933-1489995342@g.us","id":"true_6281249663933-1489995342@g.us_3EB09C6668509997044B","queueNumber":119}
{"sent":true,"message":"Sent to 6287846052909-1503149044@g.us","id":"true_6287846052909-1503149044@g.us_3EB03D4A74FBFBA9F227","queueNumber":120}
{"sent":true,"message":"Sent to 6281556664663-1549027281@g.us","id":"true_6281556664663-1549027281@g.us_3EB0D83893162199424A","queueNumber":121}
{"sent":true,"message":"Sent to 6285236132384-1586569922@g.us","id":"true_6285236132384-1586569922@g.us_3EB0E8B3105B33D04FE8","queueNumber":122}
{"sent":true,"message":"Sent to 6285607766951-1563968372@g.us","id":"true_6285607766951-1563968372@g.us_3EB02296B9411A1B7D4B","queueNumber":123}
{"sent":true,"message":"Sent to 6281252254897-1565866968@g.us","id":"true_6281252254897-1565866968@g.us_3EB0722A99000EDE696B","queueNumber":124}
{"sent":true,"message":"Sent to 6282123470606@c.us","id":"true_6282123470606@c.us_3EB00C93E8E24A150435","queueNumber":125}
{"sent":true,"message":"Sent to 6282123470606@c.us","id":"true_6282123470606@c.us_3EB0E01E78F66CA78E8E","queueNumber":126}
{"sent":true,"message":"Sent to 6282123470606@c.us","id":"true_6282123470606@c.us_3EB056442E4812EF626E","queueNumber":127}
{"sent":true,"message":"Sent to 6282123470606@c.us","id":"true_6282123470606@c.us_3EB00321FC69DC59DA8D","queueNumber":128}
{"sent":true,"message":"Sent to 6282123470606@c.us","id":"true_6282123470606@c.us_3EB04B8085E2D07A6BC6","queueNumber":129}
{"sent":true,"message":"Sent to 6282123470606@c.us","id":"true_6282123470606@c.us_3EB0D68E71C824C72CD8","queueNumber":130}
{"sent":true,"message":"Sent to 6282123470606@c.us","id":"true_6282123470606@c.us_3EB0AF2352E07B4D2269","queueNumber":131}
{"sent":true,"message":"Sent to 6282123470606@c.us","id":"true_6282123470606@c.us_3EB064436899A5EAFAFF","queueNumber":132}
{"sent":true,"message":"Sent to 6282123470606@c.us","id":"true_6282123470606@c.us_3EB04AD0CD077F18B75C","queueNumber":133}
{"sent":true,"message":"Sent to 6282123470606@c.us","id":"true_6282123470606@c.us_3EB0A3B526A83A609EFD","queueNumber":134}
{"sent":true,"message":"Sent to 6287846052909-1503149044@g.us","id":"true_6287846052909-1503149044@g.us_3EB0ADDB1FF12D783297","queueNumber":135}
{"sent":true,"message":"Sent to 6282334197238-1594651134@g.us","id":"true_6282334197238-1594651134@g.us_3EB0B7DE23B3A2C5C6B0","queueNumber":136}
{"sent":true,"message":"Sent to 6285236132384-1586569922@g.us","id":"true_6285236132384-1586569922@g.us_3EB0A738C6F808A9CE70","queueNumber":137}
{"sent":true,"message":"Sent to 6281252254897-1565866968@g.us","id":"true_6281252254897-1565866968@g.us_3EB0B6289A93D6A30731","queueNumber":138}
{"sent":true,"message":"Sent to 6285645896741@c.us","id":"true_6285645896741@c.us_3EB0E01212F0C1037E14","queueNumber":139}
{"sent":true,"message":"Sent to 628125239766@c.us","id":"true_628125239766@c.us_3EB08254B07664AE498D","queueNumber":140}
{"sent":true,"message":"Sent to 6281249663933-1489995342@g.us","id":"true_6281249663933-1489995342@g.us_3EB0E0BA25EF13CB3E2D","queueNumber":141}
{"sent":true,"message":"Sent to 6287846052909-1503149044@g.us","id":"true_6287846052909-1503149044@g.us_3EB0E2141FEF79BD8382","queueNumber":142}
{"sent":true,"message":"Sent to 6282334197238-1594651134@g.us","id":"true_6282334197238-1594651134@g.us_3EB058F16968BD71A90E","queueNumber":143}
{"sent":true,"message":"Sent to 6281556664663-1549027281@g.us","id":"true_6281556664663-1549027281@g.us_3EB0469253FBB8BAC205","queueNumber":144}
{"sent":true,"message":"Sent to 6285236132384-1586569922@g.us","id":"true_6285236132384-1586569922@g.us_3EB03047FE0D96EBEE10","queueNumber":145}
{"sent":true,"message":"Sent to 6285607766951-1563968372@g.us","id":"true_6285607766951-1563968372@g.us_3EB088159AF2C2D9581A","queueNumber":146}
{"sent":true,"message":"Sent to 6281252254897-1565866968@g.us","id":"true_6281252254897-1565866968@g.us_3EB0EAE42B190E07286A","queueNumber":147}
{"sent":true,"message":"Sent to 6282244167224@c.us","id":"true_6282244167224@c.us_3EB0E4521F8B7C26223F","queueNumber":148}
{"sent":true,"message":"Sent to 6281335068824@c.us","id":"true_6281335068824@c.us_3EB04E35B0CF4A2B2EDB","queueNumber":149}
{"sent":true,"message":"Sent to 6281937730517@c.us","id":"true_6281937730517@c.us_3EB0E752C74EC6221285","queueNumber":150}
{"sent":true,"message":"Sent to 6282225202922@c.us","id":"true_6282225202922@c.us_3EB00B66F686C1DA3645","queueNumber":151}
{"sent":true,"message":"Sent to 6285954408225@c.us","id":"true_6285954408225@c.us_3EB0163E63F99884D834","queueNumber":152}
{"sent":true,"message":"Sent to 6287758569126@c.us","id":"true_6287758569126@c.us_3EB067A9B693066E1E52","queueNumber":153}
{"sent":true,"message":"Sent to 6281249663933-1489995342@g.us","id":"true_6281249663933-1489995342@g.us_3EB0F8C0542525233634","queueNumber":154}
{"sent":true,"message":"Sent to 6287846052909-1503149044@g.us","id":"true_6287846052909-1503149044@g.us_3EB08A695CF433A6B4D3","queueNumber":155}
{"sent":true,"message":"Sent to 6281556664663-1549027281@g.us","id":"true_6281556664663-1549027281@g.us_3EB00CC09AA0D782A535","queueNumber":156}
{"sent":true,"message":"Sent to 6285236132384-1586569922@g.us","id":"true_6285236132384-1586569922@g.us_3EB0FC384D6C9A7223F5","queueNumber":157}
{"sent":true,"message":"Sent to 6285607766951-1563968372@g.us","id":"true_6285607766951-1563968372@g.us_3EB0348D1D12FC33928A","queueNumber":158}
{"sent":true,"message":"Sent to 6281252254897-1565866968@g.us","id":"true_6281252254897-1565866968@g.us_3EB021B8148A05B2FBF0","queueNumber":159}
{"sent":true,"message":"Sent to 6282123470606@c.us","id":"true_6282123470606@c.us_3EB030F2D6EF39DA1370","queueNumber":160}
{"sent":true,"message":"Sent to 6282123470606@c.us","id":"true_6282123470606@c.us_3EB05FA0D24ADFFF6F22","queueNumber":161}
{"sent":true,"message":"Sent to 6282123470606@c.us","id":"true_6282123470606@c.us_3EB0692700BD47BD16E1","queueNumber":162}
{"sent":true,"message":"Sent to 6282123470606@c.us","id":"true_6282123470606@c.us_3EB0A4CA2CC93375A559","queueNumber":163}
{"sent":true,"message":"Sent to 6282123470606@c.us","id":"true_6282123470606@c.us_3EB0C536ABB7DC08682D","queueNumber":164}
{"sent":true,"message":"Sent to 6282123470606@c.us","id":"true_6282123470606@c.us_3EB0BFA453BE76414F93","queueNumber":165}
{"sent":true,"message":"Sent to 6282123470606@c.us","id":"true_6282123470606@c.us_3EB0B220A43D5A751AF1","queueNumber":166}
{"sent":true,"message":"Sent to 6282123470606@c.us","id":"true_6282123470606@c.us_3EB0065D68F4C191B04A","queueNumber":167}
{"sent":true,"message":"Sent to 6282123470606@c.us","id":"true_6282123470606@c.us_3EB0D547F018D4887B02","queueNumber":168}
{"sent":true,"message":"Sent to 6282123470606@c.us","id":"true_6282123470606@c.us_3EB043763588B10A9B17","queueNumber":169}
{"sent":true,"message":"Sent to 6287846052909-1503149044@g.us","id":"true_6287846052909-1503149044@g.us_3EB0814E7228B01E17F1","queueNumber":170}
{"sent":true,"message":"Sent to 6282334197238-1594651134@g.us","id":"true_6282334197238-1594651134@g.us_3EB0DC8E1E205FFEA644","queueNumber":171}
{"sent":true,"message":"Sent to 6285236132384-1586569922@g.us","id":"true_6285236132384-1586569922@g.us_3EB0C41E35C287A389BA","queueNumber":172}
{"sent":true,"message":"Sent to 6281252254897-1565866968@g.us","id":"true_6281252254897-1565866968@g.us_3EB0CC814D626638CDC1","queueNumber":173}
{"sent":true,"message":"Sent to 6285645896741@c.us","id":"true_6285645896741@c.us_3EB0192E63EF8E953D9E","queueNumber":174}
{"sent":true,"message":"Sent to 628125239766@c.us","id":"true_628125239766@c.us_3EB0A745075B8E9F7598","queueNumber":175}
{"sent":true,"message":"Sent to 6281249663933-1489995342@g.us","id":"true_6281249663933-1489995342@g.us_3EB0511E841E1934EE53","queueNumber":176}
{"sent":true,"message":"Sent to 6287846052909-1503149044@g.us","id":"true_6287846052909-1503149044@g.us_3EB0E1EBB21A8C4A7A8B","queueNumber":177}
{"sent":true,"message":"Sent to 6282334197238-1594651134@g.us","id":"true_6282334197238-1594651134@g.us_3EB04197C1D0B9B24CF0","queueNumber":178}
{"sent":true,"message":"Sent to 6281556664663-1549027281@g.us","id":"true_6281556664663-1549027281@g.us_3EB03031525C9F45CD69","queueNumber":179}
{"sent":true,"message":"Sent to 6285236132384-1586569922@g.us","id":"true_6285236132384-1586569922@g.us_3EB05CD12B3E206CABB2","queueNumber":180}
{"sent":true,"message":"Sent to 6285607766951-1563968372@g.us","id":"true_6285607766951-1563968372@g.us_3EB0CC6A91BCA2B83327","queueNumber":181}
{"sent":true,"message":"Sent to 6281252254897-1565866968@g.us","id":"true_6281252254897-1565866968@g.us_3EB0B473723E8EB3CAFA","queueNumber":182}
{"sent":true,"message":"Sent to 6282244167224@c.us","id":"true_6282244167224@c.us_3EB0998AEA017152EF3B","queueNumber":183}
{"sent":true,"message":"Sent to 6281335068824@c.us","id":"true_6281335068824@c.us_3EB0AE1E5ADEDFA0663D","queueNumber":184}
{"sent":true,"message":"Sent to 6281937730517@c.us","id":"true_6281937730517@c.us_3EB03CFAF1C6616EC1DA","queueNumber":185}
{"sent":true,"message":"Sent to 6282225202922@c.us","id":"true_6282225202922@c.us_3EB003F2267610998F36","queueNumber":186}
{"sent":true,"message":"Sent to 6285954408225@c.us","id":"true_6285954408225@c.us_3EB05352FA887D0EBF4E","queueNumber":187}
{"sent":true,"message":"Sent to 6287758569126@c.us","id":"true_6287758569126@c.us_3EB06C63986D03566095","queueNumber":188}
{"sent":true,"message":"Sent to 6281249663933-1489995342@g.us","id":"true_6281249663933-1489995342@g.us_3EB03F225F9E9304702E","queueNumber":189}
{"sent":true,"message":"Sent to 6287846052909-1503149044@g.us","id":"true_6287846052909-1503149044@g.us_3EB042123315738BA36A","queueNumber":190}
{"sent":true,"message":"Sent to 6281556664663-1549027281@g.us","id":"true_6281556664663-1549027281@g.us_3EB03AFEDDB5CFB13958","queueNumber":191}
{"sent":true,"message":"Sent to 6285236132384-1586569922@g.us","id":"true_6285236132384-1586569922@g.us_3EB0C69B393F33E41529","queueNumber":192}
{"sent":true,"message":"Sent to 6285607766951-1563968372@g.us","id":"true_6285607766951-1563968372@g.us_3EB03286845DADF15A5E","queueNumber":193}
{"sent":true,"message":"Sent to 6281252254897-1565866968@g.us","id":"true_6281252254897-1565866968@g.us_3EB00E40056FCD260E5D","queueNumber":194}
